Arguments: 
  C:\Program Files\nodejs\node.exe C:\Users\Rashy\AppData\Roaming\npm\node_modules\yarn\bin\yarn.js add Dotenv express nodemon twit Axios

PATH: 
  C:\Users\Rashy\bin;C:\Program Files\Git\mingw64\bin;C:\Program Files\Git\usr\local\bin;C:\Program Files\Git\usr\bin;C:\Program Files\Git\usr\bin;C:\Program Files\Git\mingw64\bin;C:\Program Files\Git\usr\bin;C:\Users\Rashy\bin;C:\Program Files\Eclipse Adoptium\jdk-11.0.13.8-hotspot\bin;C:\Program Files\Git\cmd;C:\Program Files\MySQL\MySQL Shell 8.0\bin;C:\Users\Rashy\AppData\Local\Programs\Python\Python38-32\Scripts;C:\Users\Rashy\AppData\Local\Programs\Python\Python38-32;C:\Windows\system32;C:\Windows;C:\Windows\System32\Wbem;C:\Windows\System32\WindowsPowerShell\v1.0;C:\Windows\System32\OpenSSH;C:\Program Files\Git\cmd;C:\Program Files\nodejs;C:\Users\Rashy\AppData\Local\Microsoft\WindowsApps;C:\Users\Rashy\AppData\Local\Programs\Microsoft VS Code Insiders\bin;C:\Python27;C:\Users\Rashy\AppData\Roaming\npm;C:\Users\Rashy\AppData\Local\Yarn\bin;C:\Users\Rashy\go\bin;C:\Users\Rashy\AppData\Local\Programs\Microsoft VS Code\bin;C:\Program Files\Git\usr\bin\vendor_perl;C:\Program Files\Git\usr\bin\core_perl

Yarn version: 
  1.22.4

Node version: 
  12.18.1

Platform: 
  win32 x64

Trace: 
  Error: https://registry.npmjs.org/Dotenv: Not found
      at Request.params.callback [as _callback] (C:\Users\Rashy\AppData\Roaming\npm\node_modules\yarn\lib\cli.js:66987:18)
      at Request.self.callback (C:\Users\Rashy\AppData\Roaming\npm\node_modules\yarn\lib\cli.js:140748:22)
      at Request.emit (events.js:315:20)
      at Request.<anonymous> (C:\Users\Rashy\AppData\Roaming\npm\node_modules\yarn\lib\cli.js:141720:10)
      at Request.emit (events.js:315:20)
      at IncomingMessage.<anonymous> (C:\Users\Rashy\AppData\Roaming\npm\node_modules\yarn\lib\cli.js:141642:12)
      at Object.onceWrapper (events.js:421:28)
      at IncomingMessage.emit (events.js:327:22)
      at endReadableNT (_stream_readable.js:1221:12)
      at processTicksAndRejections (internal/process/task_queues.js:84:21)

npm manifest: 
  {
    "name": "meaning_bot",
    "version": "1.0.0",
    "description": "",
    "main": "index.js",
    "scripts": {
      "test": "echo \"Error: no test specified\" && exit 1"
    },
    "repository": {
      "type": "git",
      "url": "git+https://github.com/acadevy/mini_bot.git"
    },
    "author": "",
    "license": "ISC",
    "bugs": {
      "url": "https://github.com/acadevy/mini_bot/issues"
    },
    "homepage": "https://github.com/acadevy/mini_bot#readme"
  }

yarn manifest: 
  No manifest

Lockfile: 
  No lockfile
